CRITICAL - 2022-09-23 02:35:15 --> Trying to get property 'id' of non-object
in APPPATH\Views\koranWeb_view.php on line 31.
 1 APPPATH\Views\koranWeb_view.php(31): CodeIgniter\Debug\Exceptions->errorHandler(8, 'Trying to get property \'id\' of non-object', 'APPPATH\\Views\\koranWeb_view.php', 31, [...])
 2 SYSTEMPATH\View\View.php(213): include('APPPATH\\Views\\koranWeb_view.php')
 3 SYSTEMPATH\View\View.php(216): CodeIgniter\View\View->CodeIgniter\View\{closure}()
 4 SYSTEMPATH\Common.php(1137): CodeIgniter\View\View->render('koranWeb_view', [], true)
 5 APPPATH\Controllers\KoranWeb.php(22): view('koranWeb_view', [...])
 6 SYSTEMPATH\CodeIgniter.php(898): App\Controllers\KoranWeb->index()
 7 SYSTEMPATH\CodeIgniter.php(457): CodeIgniter\CodeIgniter->runController(Object(App\Controllers\KoranWeb))
 8 SYSTEMPATH\CodeIgniter.php(340): CodeIgniter\CodeIgniter->handleRequest(null, Object(Config\Cache), false)
 9 FCPATH\index.php(67): CodeIgniter\CodeIgniter->run()
10 SYSTEMPATH\Commands\Server\rewrite.php(43): require_once('FCPATH\\index.php')
CRITICAL - 2022-09-23 02:35:28 --> Trying to get property 'id_koran' of non-object
in APPPATH\Views\koranWeb_view.php on line 31.
 1 APPPATH\Views\koranWeb_view.php(31): CodeIgniter\Debug\Exceptions->errorHandler(8, 'Trying to get property \'id_koran\' of non-object', 'APPPATH\\Views\\koranWeb_view.php', 31, [...])
 2 SYSTEMPATH\View\View.php(213): include('APPPATH\\Views\\koranWeb_view.php')
 3 SYSTEMPATH\View\View.php(216): CodeIgniter\View\View->CodeIgniter\View\{closure}()
 4 SYSTEMPATH\Common.php(1137): CodeIgniter\View\View->render('koranWeb_view', [], true)
 5 APPPATH\Controllers\KoranWeb.php(22): view('koranWeb_view', [...])
 6 SYSTEMPATH\CodeIgniter.php(898): App\Controllers\KoranWeb->index()
 7 SYSTEMPATH\CodeIgniter.php(457): CodeIgniter\CodeIgniter->runController(Object(App\Controllers\KoranWeb))
 8 SYSTEMPATH\CodeIgniter.php(340): CodeIgniter\CodeIgniter->handleRequest(null, Object(Config\Cache), false)
 9 FCPATH\index.php(67): CodeIgniter\CodeIgniter->run()
10 SYSTEMPATH\Commands\Server\rewrite.php(43): require_once('FCPATH\\index.php')
CRITICAL - 2022-09-23 02:35:40 --> Trying to get property 'idKoran' of non-object
in APPPATH\Views\koranWeb_view.php on line 31.
 1 APPPATH\Views\koranWeb_view.php(31): CodeIgniter\Debug\Exceptions->errorHandler(8, 'Trying to get property \'idKoran\' of non-object', 'APPPATH\\Views\\koranWeb_view.php', 31, [...])
 2 SYSTEMPATH\View\View.php(213): include('APPPATH\\Views\\koranWeb_view.php')
 3 SYSTEMPATH\View\View.php(216): CodeIgniter\View\View->CodeIgniter\View\{closure}()
 4 SYSTEMPATH\Common.php(1137): CodeIgniter\View\View->render('koranWeb_view', [], true)
 5 APPPATH\Controllers\KoranWeb.php(22): view('koranWeb_view', [...])
 6 SYSTEMPATH\CodeIgniter.php(898): App\Controllers\KoranWeb->index()
 7 SYSTEMPATH\CodeIgniter.php(457): CodeIgniter\CodeIgniter->runController(Object(App\Controllers\KoranWeb))
 8 SYSTEMPATH\CodeIgniter.php(340): CodeIgniter\CodeIgniter->handleRequest(null, Object(Config\Cache), false)
 9 FCPATH\index.php(67): CodeIgniter\CodeIgniter->run()
10 SYSTEMPATH\Commands\Server\rewrite.php(43): require_once('FCPATH\\index.php')
CRITICAL - 2022-09-23 02:37:33 --> Call to a member function result() on array
in APPPATH\Controllers\KoranWeb.php on line 20.
 1 SYSTEMPATH\CodeIgniter.php(898): App\Controllers\KoranWeb->index()
 2 SYSTEMPATH\CodeIgniter.php(457): CodeIgniter\CodeIgniter->runController(Object(App\Controllers\KoranWeb))
 3 SYSTEMPATH\CodeIgniter.php(340): CodeIgniter\CodeIgniter->handleRequest(null, Object(Config\Cache), false)
 4 FCPATH\index.php(67): CodeIgniter\CodeIgniter->run()
 5 SYSTEMPATH\Commands\Server\rewrite.php(43): require_once('FCPATH\\index.php')
CRITICAL - 2022-09-23 02:37:57 --> Trying to get property 'id_koran' of non-object
in APPPATH\Views\koranWeb_view.php on line 31.
 1 APPPATH\Views\koranWeb_view.php(31): CodeIgniter\Debug\Exceptions->errorHandler(8, 'Trying to get property \'id_koran\' of non-object', 'APPPATH\\Views\\koranWeb_view.php', 31, [...])
 2 SYSTEMPATH\View\View.php(213): include('APPPATH\\Views\\koranWeb_view.php')
 3 SYSTEMPATH\View\View.php(216): CodeIgniter\View\View->CodeIgniter\View\{closure}()
 4 SYSTEMPATH\Common.php(1137): CodeIgniter\View\View->render('koranWeb_view', [], true)
 5 APPPATH\Controllers\KoranWeb.php(22): view('koranWeb_view', [...])
 6 SYSTEMPATH\CodeIgniter.php(898): App\Controllers\KoranWeb->index()
 7 SYSTEMPATH\CodeIgniter.php(457): CodeIgniter\CodeIgniter->runController(Object(App\Controllers\KoranWeb))
 8 SYSTEMPATH\CodeIgniter.php(340): CodeIgniter\CodeIgniter->handleRequest(null, Object(Config\Cache), false)
 9 FCPATH\index.php(67): CodeIgniter\CodeIgniter->run()
10 SYSTEMPATH\Commands\Server\rewrite.php(43): require_once('FCPATH\\index.php')
CRITICAL - 2022-09-23 02:43:48 --> Array to string conversion
in APPPATH\Views\koranWeb_view.php on line 31.
 1 APPPATH\Views\koranWeb_view.php(31): CodeIgniter\Debug\Exceptions->errorHandler(8, 'Array to string conversion', 'APPPATH\\Views\\koranWeb_view.php', 31, [...])
 2 SYSTEMPATH\View\View.php(213): include('APPPATH\\Views\\koranWeb_view.php')
 3 SYSTEMPATH\View\View.php(216): CodeIgniter\View\View->CodeIgniter\View\{closure}()
 4 SYSTEMPATH\Common.php(1137): CodeIgniter\View\View->render('koranWeb_view', [], true)
 5 APPPATH\Controllers\KoranWeb.php(23): view('koranWeb_view', [...])
 6 SYSTEMPATH\CodeIgniter.php(898): App\Controllers\KoranWeb->index()
 7 SYSTEMPATH\CodeIgniter.php(457): CodeIgniter\CodeIgniter->runController(Object(App\Controllers\KoranWeb))
 8 SYSTEMPATH\CodeIgniter.php(340): CodeIgniter\CodeIgniter->handleRequest(null, Object(Config\Cache), false)
 9 FCPATH\index.php(67): CodeIgniter\CodeIgniter->run()
10 SYSTEMPATH\Commands\Server\rewrite.php(43): require_once('FCPATH\\index.php')
CRITICAL - 2022-09-23 02:44:14 --> Trying to get property 'koran' of non-object
in APPPATH\Views\koranWeb_view.php on line 32.
 1 APPPATH\Views\koranWeb_view.php(32): CodeIgniter\Debug\Exceptions->errorHandler(8, 'Trying to get property \'koran\' of non-object', 'APPPATH\\Views\\koranWeb_view.php', 32, [...])
 2 SYSTEMPATH\View\View.php(213): include('APPPATH\\Views\\koranWeb_view.php')
 3 SYSTEMPATH\View\View.php(216): CodeIgniter\View\View->CodeIgniter\View\{closure}()
 4 SYSTEMPATH\Common.php(1137): CodeIgniter\View\View->render('koranWeb_view', [], true)
 5 APPPATH\Controllers\KoranWeb.php(23): view('koranWeb_view', [...])
 6 SYSTEMPATH\CodeIgniter.php(898): App\Controllers\KoranWeb->index()
 7 SYSTEMPATH\CodeIgniter.php(457): CodeIgniter\CodeIgniter->runController(Object(App\Controllers\KoranWeb))
 8 SYSTEMPATH\CodeIgniter.php(340): CodeIgniter\CodeIgniter->handleRequest(null, Object(Config\Cache), false)
 9 FCPATH\index.php(67): CodeIgniter\CodeIgniter->run()
10 SYSTEMPATH\Commands\Server\rewrite.php(43): require_once('FCPATH\\index.php')
CRITICAL - 2022-09-23 08:56:35 --> Undefined index: id_koran
in APPPATH\Views\setoranWeb_view.php on line 27.
 1 APPPATH\Views\setoranWeb_view.php(27): CodeIgniter\Debug\Exceptions->errorHandler(8, 'Undefined index: id_koran', 'APPPATH\\Views\\setoranWeb_view.php', 27, [...])
 2 SYSTEMPATH\View\View.php(213): include('APPPATH\\Views\\setoranWeb_view.php')
 3 SYSTEMPATH\View\View.php(216): CodeIgniter\View\View->CodeIgniter\View\{closure}()
 4 SYSTEMPATH\Common.php(1137): CodeIgniter\View\View->render('setoranWeb_view', [], true)
 5 APPPATH\Controllers\SetoranWeb.php(22): view('setoranWeb_view', [...])
 6 SYSTEMPATH\CodeIgniter.php(898): App\Controllers\SetoranWeb->index()
 7 SYSTEMPATH\CodeIgniter.php(457): CodeIgniter\CodeIgniter->runController(Object(App\Controllers\SetoranWeb))
 8 SYSTEMPATH\CodeIgniter.php(340): CodeIgniter\CodeIgniter->handleRequest(null, Object(Config\Cache), false)
 9 FCPATH\index.php(67): CodeIgniter\CodeIgniter->run()
10 SYSTEMPATH\Commands\Server\rewrite.php(43): require_once('FCPATH\\index.php')
