CRITICAL - 2022-08-15 00:38:13 --> There is no data to update.
in SYSTEMPATH\BaseModel.php on line 846.
 1 SYSTEMPATH\BaseModel.php(846): CodeIgniter\Database\Exceptions\DataException::forEmptyDataset('update')
 2 SYSTEMPATH\Model.php(692): CodeIgniter\BaseModel->update([...], [])
 3 SYSTEMPATH\BaseModel.php(656): CodeIgniter\Model->update('1', [...])
 4 APPPATH\Controllers\Setoran.php(73): CodeIgniter\BaseModel->save([...])
 5 SYSTEMPATH\CodeIgniter.php(898): App\Controllers\Setoran->update('1')
 6 SYSTEMPATH\CodeIgniter.php(457): CodeIgniter\CodeIgniter->runController(Object(App\Controllers\Setoran))
 7 SYSTEMPATH\CodeIgniter.php(340): CodeIgniter\CodeIgniter->handleRequest(null, Object(Config\Cache), false)
 8 FCPATH\index.php(67): CodeIgniter\CodeIgniter->run()
CRITICAL - 2022-08-15 00:39:11 --> There is no data to update.
in SYSTEMPATH\BaseModel.php on line 846.
 1 SYSTEMPATH\BaseModel.php(846): CodeIgniter\Database\Exceptions\DataException::forEmptyDataset('update')
 2 SYSTEMPATH\Model.php(692): CodeIgniter\BaseModel->update([...], [])
 3 SYSTEMPATH\BaseModel.php(656): CodeIgniter\Model->update('1.json', [...])
 4 APPPATH\Controllers\Setoran.php(73): CodeIgniter\BaseModel->save([...])
 5 SYSTEMPATH\CodeIgniter.php(898): App\Controllers\Setoran->update('1.json')
 6 SYSTEMPATH\CodeIgniter.php(457): CodeIgniter\CodeIgniter->runController(Object(App\Controllers\Setoran))
 7 SYSTEMPATH\CodeIgniter.php(340): CodeIgniter\CodeIgniter->handleRequest(null, Object(Config\Cache), false)
 8 FCPATH\index.php(67): CodeIgniter\CodeIgniter->run()
CRITICAL - 2022-08-15 00:49:36 --> There is no data to update.
in SYSTEMPATH\BaseModel.php on line 846.
 1 SYSTEMPATH\BaseModel.php(846): CodeIgniter\Database\Exceptions\DataException::forEmptyDataset('update')
 2 SYSTEMPATH\Model.php(692): CodeIgniter\BaseModel->update([...], [])
 3 SYSTEMPATH\BaseModel.php(656): CodeIgniter\Model->update('1.json', [...])
 4 APPPATH\Controllers\Setoran.php(73): CodeIgniter\BaseModel->save([...])
 5 SYSTEMPATH\CodeIgniter.php(898): App\Controllers\Setoran->update('1.json')
 6 SYSTEMPATH\CodeIgniter.php(457): CodeIgniter\CodeIgniter->runController(Object(App\Controllers\Setoran))
 7 SYSTEMPATH\CodeIgniter.php(340): CodeIgniter\CodeIgniter->handleRequest(null, Object(Config\Cache), false)
 8 FCPATH\index.php(67): CodeIgniter\CodeIgniter->run()
CRITICAL - 2022-08-15 00:51:45 --> There is no data to update.
in SYSTEMPATH\BaseModel.php on line 846.
 1 SYSTEMPATH\BaseModel.php(846): CodeIgniter\Database\Exceptions\DataException::forEmptyDataset('update')
 2 SYSTEMPATH\Model.php(692): CodeIgniter\BaseModel->update([...], [])
 3 SYSTEMPATH\BaseModel.php(656): CodeIgniter\Model->update('1.json', [...])
 4 APPPATH\Controllers\Setoran.php(73): CodeIgniter\BaseModel->save([...])
 5 SYSTEMPATH\CodeIgniter.php(898): App\Controllers\Setoran->update('1.json')
 6 SYSTEMPATH\CodeIgniter.php(457): CodeIgniter\CodeIgniter->runController(Object(App\Controllers\Setoran))
 7 SYSTEMPATH\CodeIgniter.php(340): CodeIgniter\CodeIgniter->handleRequest(null, Object(Config\Cache), false)
 8 FCPATH\index.php(67): CodeIgniter\CodeIgniter->run()
CRITICAL - 2022-08-15 00:56:49 --> There is no data to update.
in SYSTEMPATH\BaseModel.php on line 846.
 1 SYSTEMPATH\BaseModel.php(846): CodeIgniter\Database\Exceptions\DataException::forEmptyDataset('update')
 2 SYSTEMPATH\Model.php(692): CodeIgniter\BaseModel->update([...], [])
 3 SYSTEMPATH\BaseModel.php(656): CodeIgniter\Model->update('1.json', [...])
 4 APPPATH\Controllers\Setoran.php(73): CodeIgniter\BaseModel->save([...])
 5 SYSTEMPATH\CodeIgniter.php(898): App\Controllers\Setoran->update('1.json')
 6 SYSTEMPATH\CodeIgniter.php(457): CodeIgniter\CodeIgniter->runController(Object(App\Controllers\Setoran))
 7 SYSTEMPATH\CodeIgniter.php(340): CodeIgniter\CodeIgniter->handleRequest(null, Object(Config\Cache), false)
 8 FCPATH\index.php(67): CodeIgniter\CodeIgniter->run()
CRITICAL - 2022-08-15 01:02:57 --> There is no data to update.
in SYSTEMPATH\BaseModel.php on line 846.
 1 SYSTEMPATH\BaseModel.php(846): CodeIgniter\Database\Exceptions\DataException::forEmptyDataset('update')
 2 SYSTEMPATH\Model.php(692): CodeIgniter\BaseModel->update([...], [])
 3 SYSTEMPATH\BaseModel.php(656): CodeIgniter\Model->update('1.json', [...])
 4 APPPATH\Controllers\Setoran.php(73): CodeIgniter\BaseModel->save([...])
 5 SYSTEMPATH\CodeIgniter.php(898): App\Controllers\Setoran->update('1.json')
 6 SYSTEMPATH\CodeIgniter.php(457): CodeIgniter\CodeIgniter->runController(Object(App\Controllers\Setoran))
 7 SYSTEMPATH\CodeIgniter.php(340): CodeIgniter\CodeIgniter->handleRequest(null, Object(Config\Cache), false)
 8 FCPATH\index.php(67): CodeIgniter\CodeIgniter->run()
CRITICAL - 2022-08-15 01:18:28 --> There is no data to update.
in SYSTEMPATH\BaseModel.php on line 846.
 1 SYSTEMPATH\BaseModel.php(846): CodeIgniter\Database\Exceptions\DataException::forEmptyDataset('update')
 2 SYSTEMPATH\Model.php(692): CodeIgniter\BaseModel->update([...], [])
 3 SYSTEMPATH\BaseModel.php(656): CodeIgniter\Model->update('1.json', [...])
 4 APPPATH\Controllers\Setoran.php(73): CodeIgniter\BaseModel->save([...])
 5 SYSTEMPATH\CodeIgniter.php(898): App\Controllers\Setoran->update('1.json')
 6 SYSTEMPATH\CodeIgniter.php(457): CodeIgniter\CodeIgniter->runController(Object(App\Controllers\Setoran))
 7 SYSTEMPATH\CodeIgniter.php(340): CodeIgniter\CodeIgniter->handleRequest(null, Object(Config\Cache), false)
 8 FCPATH\index.php(67): CodeIgniter\CodeIgniter->run()
CRITICAL - 2022-08-15 01:26:19 --> There is no data to update.
in SYSTEMPATH\BaseModel.php on line 846.
 1 SYSTEMPATH\BaseModel.php(846): CodeIgniter\Database\Exceptions\DataException::forEmptyDataset('update')
 2 SYSTEMPATH\Model.php(692): CodeIgniter\BaseModel->update([...], [])
 3 SYSTEMPATH\BaseModel.php(656): CodeIgniter\Model->update('1.json', [...])
 4 APPPATH\Controllers\Setoran.php(73): CodeIgniter\BaseModel->save([...])
 5 SYSTEMPATH\CodeIgniter.php(898): App\Controllers\Setoran->update('1.json')
 6 SYSTEMPATH\CodeIgniter.php(457): CodeIgniter\CodeIgniter->runController(Object(App\Controllers\Setoran))
 7 SYSTEMPATH\CodeIgniter.php(340): CodeIgniter\CodeIgniter->handleRequest(null, Object(Config\Cache), false)
 8 FCPATH\index.php(67): CodeIgniter\CodeIgniter->run()
CRITICAL - 2022-08-15 01:28:52 --> There is no data to update.
in SYSTEMPATH\BaseModel.php on line 846.
 1 SYSTEMPATH\BaseModel.php(846): CodeIgniter\Database\Exceptions\DataException::forEmptyDataset('update')
 2 SYSTEMPATH\Model.php(692): CodeIgniter\BaseModel->update([...], [])
 3 SYSTEMPATH\BaseModel.php(656): CodeIgniter\Model->update('1', [...])
 4 APPPATH\Controllers\Setoran.php(73): CodeIgniter\BaseModel->save([...])
 5 SYSTEMPATH\CodeIgniter.php(898): App\Controllers\Setoran->update('1')
 6 SYSTEMPATH\CodeIgniter.php(457): CodeIgniter\CodeIgniter->runController(Object(App\Controllers\Setoran))
 7 SYSTEMPATH\CodeIgniter.php(340): CodeIgniter\CodeIgniter->handleRequest(null, Object(Config\Cache), false)
 8 FCPATH\index.php(67): CodeIgniter\CodeIgniter->run()
