CRITICAL - 2022-11-02 09:10:49 --> Undefined variable: p
in APPPATH\Views\setoranWeb_view.php on line 55.
 1 APPPATH\Views\setoranWeb_view.php(55): CodeIgniter\Debug\Exceptions->errorHandler(8, 'Undefined variable: p', 'APPPATH\\Views\\setoranWeb_view.php', 55, [...])
 2 SYSTEMPATH\View\View.php(213): include('APPPATH\\Views\\setoranWeb_view.php')
 3 SYSTEMPATH\View\View.php(216): CodeIgniter\View\View->CodeIgniter\View\{closure}()
 4 SYSTEMPATH\Common.php(1137): CodeIgniter\View\View->render('setoranWeb_view', [], true)
 5 APPPATH\Controllers\SetoranWeb.php(26): view('setoranWeb_view', [...])
 6 SYSTEMPATH\CodeIgniter.php(898): App\Controllers\SetoranWeb->index()
 7 SYSTEMPATH\CodeIgniter.php(457): CodeIgniter\CodeIgniter->runController(Object(App\Controllers\SetoranWeb))
 8 SYSTEMPATH\CodeIgniter.php(340): CodeIgniter\CodeIgniter->handleRequest(null, Object(Config\Cache), false)
 9 FCPATH\index.php(67): CodeIgniter\CodeIgniter->run()
10 SYSTEMPATH\Commands\Server\rewrite.php(43): require_once('FCPATH\\index.php')
CRITICAL - 2022-11-02 09:11:18 --> Trying to get property 'id' of non-object
in APPPATH\Views\setoranWeb_view.php on line 55.
 1 APPPATH\Views\setoranWeb_view.php(55): CodeIgniter\Debug\Exceptions->errorHandler(8, 'Trying to get property \'id\' of non-object', 'APPPATH\\Views\\setoranWeb_view.php', 55, [...])
 2 SYSTEMPATH\View\View.php(213): include('APPPATH\\Views\\setoranWeb_view.php')
 3 SYSTEMPATH\View\View.php(216): CodeIgniter\View\View->CodeIgniter\View\{closure}()
 4 SYSTEMPATH\Common.php(1137): CodeIgniter\View\View->render('setoranWeb_view', [], true)
 5 APPPATH\Controllers\SetoranWeb.php(26): view('setoranWeb_view', [...])
 6 SYSTEMPATH\CodeIgniter.php(898): App\Controllers\SetoranWeb->index()
 7 SYSTEMPATH\CodeIgniter.php(457): CodeIgniter\CodeIgniter->runController(Object(App\Controllers\SetoranWeb))
 8 SYSTEMPATH\CodeIgniter.php(340): CodeIgniter\CodeIgniter->handleRequest(null, Object(Config\Cache), false)
 9 FCPATH\index.php(67): CodeIgniter\CodeIgniter->run()
10 SYSTEMPATH\Commands\Server\rewrite.php(43): require_once('FCPATH\\index.php')
CRITICAL - 2022-11-02 09:38:18 --> Undefined property: CodeIgniter\View\View::$request
in APPPATH\Views\setoranWeb_view.php on line 246.
 1 APPPATH\Views\setoranWeb_view.php(246): CodeIgniter\Debug\Exceptions->errorHandler(8, 'Undefined property: CodeIgniter\\View\\View::$request', 'APPPATH\\Views\\setoranWeb_view.php', 246, [...])
 2 SYSTEMPATH\View\View.php(213): include('APPPATH\\Views\\setoranWeb_view.php')
 3 SYSTEMPATH\View\View.php(216): CodeIgniter\View\View->CodeIgniter\View\{closure}()
 4 SYSTEMPATH\Common.php(1137): CodeIgniter\View\View->render('setoranWeb_view', [], true)
 5 APPPATH\Controllers\SetoranWeb.php(26): view('setoranWeb_view', [...])
 6 SYSTEMPATH\CodeIgniter.php(898): App\Controllers\SetoranWeb->index()
 7 SYSTEMPATH\CodeIgniter.php(457): CodeIgniter\CodeIgniter->runController(Object(App\Controllers\SetoranWeb))
 8 SYSTEMPATH\CodeIgniter.php(340): CodeIgniter\CodeIgniter->handleRequest(null, Object(Config\Cache), false)
 9 FCPATH\index.php(67): CodeIgniter\CodeIgniter->run()
10 SYSTEMPATH\Commands\Server\rewrite.php(43): require_once('FCPATH\\index.php')
CRITICAL - 2022-11-02 10:14:49 --> Invalid argument supplied for foreach()
in APPPATH\Controllers\SetoranWeb.php on line 147.
 1 APPPATH\Controllers\SetoranWeb.php(147): CodeIgniter\Debug\Exceptions->errorHandler(2, 'Invalid argument supplied for foreach()', 'APPPATH\\Controllers\\SetoranWeb.php', 147, [...])
 2 SYSTEMPATH\CodeIgniter.php(898): App\Controllers\SetoranWeb->deleteAll()
 3 SYSTEMPATH\CodeIgniter.php(457): CodeIgniter\CodeIgniter->runController(Object(App\Controllers\SetoranWeb))
 4 SYSTEMPATH\CodeIgniter.php(340): CodeIgniter\CodeIgniter->handleRequest(null, Object(Config\Cache), false)
 5 FCPATH\index.php(67): CodeIgniter\CodeIgniter->run()
 6 SYSTEMPATH\Commands\Server\rewrite.php(43): require_once('FCPATH\\index.php')
CRITICAL - 2022-11-02 10:15:40 --> Invalid argument supplied for foreach()
in APPPATH\Controllers\SetoranWeb.php on line 147.
 1 APPPATH\Controllers\SetoranWeb.php(147): CodeIgniter\Debug\Exceptions->errorHandler(2, 'Invalid argument supplied for foreach()', 'APPPATH\\Controllers\\SetoranWeb.php', 147, [...])
 2 SYSTEMPATH\CodeIgniter.php(898): App\Controllers\SetoranWeb->deleteAll()
 3 SYSTEMPATH\CodeIgniter.php(457): CodeIgniter\CodeIgniter->runController(Object(App\Controllers\SetoranWeb))
 4 SYSTEMPATH\CodeIgniter.php(340): CodeIgniter\CodeIgniter->handleRequest(null, Object(Config\Cache), false)
 5 FCPATH\index.php(67): CodeIgniter\CodeIgniter->run()
 6 SYSTEMPATH\Commands\Server\rewrite.php(43): require_once('FCPATH\\index.php')
CRITICAL - 2022-11-02 10:17:43 --> sizeof(): Parameter must be an array or an object that implements Countable
in APPPATH\Controllers\SetoranWeb.php on line 147.
 1 [internal function]: CodeIgniter\Debug\Exceptions->errorHandler(2, 'sizeof(): Parameter must be an array or an object that implements Countable', 'APPPATH\\Controllers\\SetoranWeb.php', 147, [...])
 2 APPPATH\Controllers\SetoranWeb.php(147): sizeof(null)
 3 SYSTEMPATH\CodeIgniter.php(898): App\Controllers\SetoranWeb->deleteAll()
 4 SYSTEMPATH\CodeIgniter.php(457): CodeIgniter\CodeIgniter->runController(Object(App\Controllers\SetoranWeb))
 5 SYSTEMPATH\CodeIgniter.php(340): CodeIgniter\CodeIgniter->handleRequest(null, Object(Config\Cache), false)
 6 FCPATH\index.php(67): CodeIgniter\CodeIgniter->run()
 7 SYSTEMPATH\Commands\Server\rewrite.php(43): require_once('FCPATH\\index.php')
CRITICAL - 2022-11-02 10:21:10 --> Undefined index: dipilih
in APPPATH\Controllers\SetoranWeb.php on line 146.
 1 APPPATH\Controllers\SetoranWeb.php(146): CodeIgniter\Debug\Exceptions->errorHandler(8, 'Undefined index: dipilih', 'APPPATH\\Controllers\\SetoranWeb.php', 146, [])
 2 SYSTEMPATH\CodeIgniter.php(898): App\Controllers\SetoranWeb->deleteAll()
 3 SYSTEMPATH\CodeIgniter.php(457): CodeIgniter\CodeIgniter->runController(Object(App\Controllers\SetoranWeb))
 4 SYSTEMPATH\CodeIgniter.php(340): CodeIgniter\CodeIgniter->handleRequest(null, Object(Config\Cache), false)
 5 FCPATH\index.php(67): CodeIgniter\CodeIgniter->run()
 6 SYSTEMPATH\Commands\Server\rewrite.php(43): require_once('FCPATH\\index.php')
CRITICAL - 2022-11-02 10:25:37 --> Undefined index: dipilih
in APPPATH\Controllers\SetoranWeb.php on line 146.
 1 APPPATH\Controllers\SetoranWeb.php(146): CodeIgniter\Debug\Exceptions->errorHandler(8, 'Undefined index: dipilih', 'APPPATH\\Controllers\\SetoranWeb.php', 146, [])
 2 SYSTEMPATH\CodeIgniter.php(898): App\Controllers\SetoranWeb->deleteAll()
 3 SYSTEMPATH\CodeIgniter.php(457): CodeIgniter\CodeIgniter->runController(Object(App\Controllers\SetoranWeb))
 4 SYSTEMPATH\CodeIgniter.php(340): CodeIgniter\CodeIgniter->handleRequest(null, Object(Config\Cache), false)
 5 FCPATH\index.php(67): CodeIgniter\CodeIgniter->run()
 6 SYSTEMPATH\Commands\Server\rewrite.php(43): require_once('FCPATH\\index.php')
CRITICAL - 2022-11-02 10:29:00 --> Undefined index: dipilih
in APPPATH\Controllers\SetoranWeb.php on line 146.
 1 APPPATH\Controllers\SetoranWeb.php(146): CodeIgniter\Debug\Exceptions->errorHandler(8, 'Undefined index: dipilih', 'APPPATH\\Controllers\\SetoranWeb.php', 146, [])
 2 SYSTEMPATH\CodeIgniter.php(898): App\Controllers\SetoranWeb->deleteAll()
 3 SYSTEMPATH\CodeIgniter.php(457): CodeIgniter\CodeIgniter->runController(Object(App\Controllers\SetoranWeb))
 4 SYSTEMPATH\CodeIgniter.php(340): CodeIgniter\CodeIgniter->handleRequest(null, Object(Config\Cache), false)
 5 FCPATH\index.php(67): CodeIgniter\CodeIgniter->run()
 6 SYSTEMPATH\Commands\Server\rewrite.php(43): require_once('FCPATH\\index.php')
CRITICAL - 2022-11-02 10:29:47 --> Undefined index: dipilih
in APPPATH\Controllers\SetoranWeb.php on line 147.
 1 APPPATH\Controllers\SetoranWeb.php(147): CodeIgniter\Debug\Exceptions->errorHandler(8, 'Undefined index: dipilih', 'APPPATH\\Controllers\\SetoranWeb.php', 147, [])
 2 SYSTEMPATH\CodeIgniter.php(898): App\Controllers\SetoranWeb->deleteAll()
 3 SYSTEMPATH\CodeIgniter.php(457): CodeIgniter\CodeIgniter->runController(Object(App\Controllers\SetoranWeb))
 4 SYSTEMPATH\CodeIgniter.php(340): CodeIgniter\CodeIgniter->handleRequest(null, Object(Config\Cache), false)
 5 FCPATH\index.php(67): CodeIgniter\CodeIgniter->run()
 6 SYSTEMPATH\Commands\Server\rewrite.php(43): require_once('FCPATH\\index.php')
CRITICAL - 2022-11-02 10:30:03 --> Undefined index: dipilih
in APPPATH\Controllers\SetoranWeb.php on line 147.
 1 APPPATH\Controllers\SetoranWeb.php(147): CodeIgniter\Debug\Exceptions->errorHandler(8, 'Undefined index: dipilih', 'APPPATH\\Controllers\\SetoranWeb.php', 147, [])
 2 SYSTEMPATH\CodeIgniter.php(898): App\Controllers\SetoranWeb->deleteAll()
 3 SYSTEMPATH\CodeIgniter.php(457): CodeIgniter\CodeIgniter->runController(Object(App\Controllers\SetoranWeb))
 4 SYSTEMPATH\CodeIgniter.php(340): CodeIgniter\CodeIgniter->handleRequest(null, Object(Config\Cache), false)
 5 FCPATH\index.php(67): CodeIgniter\CodeIgniter->run()
 6 SYSTEMPATH\Commands\Server\rewrite.php(43): require_once('FCPATH\\index.php')
CRITICAL - 2022-11-02 10:30:07 --> Undefined index: dipilih
in APPPATH\Controllers\SetoranWeb.php on line 147.
 1 APPPATH\Controllers\SetoranWeb.php(147): CodeIgniter\Debug\Exceptions->errorHandler(8, 'Undefined index: dipilih', 'APPPATH\\Controllers\\SetoranWeb.php', 147, [])
 2 SYSTEMPATH\CodeIgniter.php(898): App\Controllers\SetoranWeb->deleteAll()
 3 SYSTEMPATH\CodeIgniter.php(457): CodeIgniter\CodeIgniter->runController(Object(App\Controllers\SetoranWeb))
 4 SYSTEMPATH\CodeIgniter.php(340): CodeIgniter\CodeIgniter->handleRequest(null, Object(Config\Cache), false)
 5 FCPATH\index.php(67): CodeIgniter\CodeIgniter->run()
 6 SYSTEMPATH\Commands\Server\rewrite.php(43): require_once('FCPATH\\index.php')
CRITICAL - 2022-11-02 10:30:44 --> Undefined index: dipilih
in APPPATH\Controllers\SetoranWeb.php on line 147.
 1 APPPATH\Controllers\SetoranWeb.php(147): CodeIgniter\Debug\Exceptions->errorHandler(8, 'Undefined index: dipilih', 'APPPATH\\Controllers\\SetoranWeb.php', 147, [])
 2 SYSTEMPATH\CodeIgniter.php(898): App\Controllers\SetoranWeb->deleteAll()
 3 SYSTEMPATH\CodeIgniter.php(457): CodeIgniter\CodeIgniter->runController(Object(App\Controllers\SetoranWeb))
 4 SYSTEMPATH\CodeIgniter.php(340): CodeIgniter\CodeIgniter->handleRequest(null, Object(Config\Cache), false)
 5 FCPATH\index.php(67): CodeIgniter\CodeIgniter->run()
 6 SYSTEMPATH\Commands\Server\rewrite.php(43): require_once('FCPATH\\index.php')
CRITICAL - 2022-11-02 10:34:35 --> Undefined index: dipilih
in APPPATH\Controllers\SetoranWeb.php on line 146.
 1 APPPATH\Controllers\SetoranWeb.php(146): CodeIgniter\Debug\Exceptions->errorHandler(8, 'Undefined index: dipilih', 'APPPATH\\Controllers\\SetoranWeb.php', 146, [])
 2 SYSTEMPATH\CodeIgniter.php(898): App\Controllers\SetoranWeb->deleteAll()
 3 SYSTEMPATH\CodeIgniter.php(457): CodeIgniter\CodeIgniter->runController(Object(App\Controllers\SetoranWeb))
 4 SYSTEMPATH\CodeIgniter.php(340): CodeIgniter\CodeIgniter->handleRequest(null, Object(Config\Cache), false)
 5 FCPATH\index.php(67): CodeIgniter\CodeIgniter->run()
 6 SYSTEMPATH\Commands\Server\rewrite.php(43): require_once('FCPATH\\index.php')
CRITICAL - 2022-11-02 10:38:43 --> Undefined variable: koran
in APPPATH\Views\setoranWeb_view.php on line 125.
 1 APPPATH\Views\setoranWeb_view.php(125): CodeIgniter\Debug\Exceptions->errorHandler(8, 'Undefined variable: koran', 'APPPATH\\Views\\setoranWeb_view.php', 125, [...])
 2 SYSTEMPATH\View\View.php(213): include('APPPATH\\Views\\setoranWeb_view.php')
 3 SYSTEMPATH\View\View.php(216): CodeIgniter\View\View->CodeIgniter\View\{closure}()
 4 SYSTEMPATH\Common.php(1137): CodeIgniter\View\View->render('setoranWeb_view', [], true)
 5 APPPATH\Controllers\SetoranWeb.php(26): view('setoranWeb_view', [...])
 6 SYSTEMPATH\CodeIgniter.php(898): App\Controllers\SetoranWeb->index()
 7 SYSTEMPATH\CodeIgniter.php(457): CodeIgniter\CodeIgniter->runController(Object(App\Controllers\SetoranWeb))
 8 SYSTEMPATH\CodeIgniter.php(340): CodeIgniter\CodeIgniter->handleRequest(null, Object(Config\Cache), false)
 9 FCPATH\index.php(67): CodeIgniter\CodeIgniter->run()
10 SYSTEMPATH\Commands\Server\rewrite.php(43): require_once('FCPATH\\index.php')
