CRITICAL - 2022-09-25 08:53:42 --> Invalid file: koranweb.php
in SYSTEMPATH\Exceptions\FrameworkException.php on line 33.
 1 SYSTEMPATH\View\View.php(201): CodeIgniter\Exceptions\FrameworkException::forInvalidFile('koranweb.php')
 2 SYSTEMPATH\Common.php(1137): CodeIgniter\View\View->render('koranweb', [], true)
 3 APPPATH\Controllers\KoranWeb.php(40): view('koranweb')
 4 SYSTEMPATH\CodeIgniter.php(898): App\Controllers\KoranWeb->create()
 5 SYSTEMPATH\CodeIgniter.php(457): CodeIgniter\CodeIgniter->runController(Object(App\Controllers\KoranWeb))
 6 SYSTEMPATH\CodeIgniter.php(340): CodeIgniter\CodeIgniter->handleRequest(null, Object(Config\Cache), false)
 7 FCPATH\index.php(67): CodeIgniter\CodeIgniter->run()
CRITICAL - 2022-09-25 08:55:23 --> Invalid file: koranweb.php
in SYSTEMPATH\Exceptions\FrameworkException.php on line 33.
 1 SYSTEMPATH\View\View.php(201): CodeIgniter\Exceptions\FrameworkException::forInvalidFile('koranweb.php')
 2 SYSTEMPATH\Common.php(1137): CodeIgniter\View\View->render('koranweb', [], true)
 3 APPPATH\Controllers\KoranWeb.php(40): view('koranweb')
 4 SYSTEMPATH\CodeIgniter.php(898): App\Controllers\KoranWeb->create()
 5 SYSTEMPATH\CodeIgniter.php(457): CodeIgniter\CodeIgniter->runController(Object(App\Controllers\KoranWeb))
 6 SYSTEMPATH\CodeIgniter.php(340): CodeIgniter\CodeIgniter->handleRequest(null, Object(Config\Cache), false)
 7 FCPATH\index.php(67): CodeIgniter\CodeIgniter->run()
CRITICAL - 2022-09-25 09:27:16 --> There is no data to update.
in SYSTEMPATH\BaseModel.php on line 846.
 1 SYSTEMPATH\BaseModel.php(846): CodeIgniter\Database\Exceptions\DataException::forEmptyDataset('update')
 2 SYSTEMPATH\Model.php(692): CodeIgniter\BaseModel->update([...], [])
 3 SYSTEMPATH\BaseModel.php(656): CodeIgniter\Model->update('8', [...])
 4 APPPATH\Controllers\KoranWeb.php(51): CodeIgniter\BaseModel->save([...])
 5 SYSTEMPATH\CodeIgniter.php(898): App\Controllers\KoranWeb->update('8')
 6 SYSTEMPATH\CodeIgniter.php(457): CodeIgniter\CodeIgniter->runController(Object(App\Controllers\KoranWeb))
 7 SYSTEMPATH\CodeIgniter.php(340): CodeIgniter\CodeIgniter->handleRequest(null, Object(Config\Cache), false)
 8 FCPATH\index.php(67): CodeIgniter\CodeIgniter->run()
CRITICAL - 2022-09-25 09:33:22 --> The route for "http://localhost/api_koran/publickoranweb" cannot be found.
in SYSTEMPATH\HTTP\RedirectResponse.php on line 60.
 1 SYSTEMPATH\HTTP\RedirectResponse.php(60): CodeIgniter\HTTP\Exceptions\HTTPException::forInvalidRedirectRoute('http://localhost/api_koran/publickoranweb')
 2 SYSTEMPATH\Common.php(864): CodeIgniter\HTTP\RedirectResponse->route(false)
 3 APPPATH\Controllers\KoranWeb.php(55): redirect('http://localhost/api_koran/publickoranweb')
 4 SYSTEMPATH\CodeIgniter.php(898): App\Controllers\KoranWeb->update('6')
 5 SYSTEMPATH\CodeIgniter.php(457): CodeIgniter\CodeIgniter->runController(Object(App\Controllers\KoranWeb))
 6 SYSTEMPATH\CodeIgniter.php(340): CodeIgniter\CodeIgniter->handleRequest(null, Object(Config\Cache), false)
 7 FCPATH\index.php(67): CodeIgniter\CodeIgniter->run()
CRITICAL - 2022-09-25 09:36:34 --> The route for "http://192.168.100.5:8080koranweb" cannot be found.
in SYSTEMPATH\HTTP\RedirectResponse.php on line 60.
 1 SYSTEMPATH\HTTP\RedirectResponse.php(60): CodeIgniter\HTTP\Exceptions\HTTPException::forInvalidRedirectRoute('http://192.168.100.5:8080koranweb')
 2 SYSTEMPATH\Common.php(864): CodeIgniter\HTTP\RedirectResponse->route(false)
 3 APPPATH\Controllers\KoranWeb.php(55): redirect('http://192.168.100.5:8080koranweb')
 4 SYSTEMPATH\CodeIgniter.php(898): App\Controllers\KoranWeb->update('12')
 5 SYSTEMPATH\CodeIgniter.php(457): CodeIgniter\CodeIgniter->runController(Object(App\Controllers\KoranWeb))
 6 SYSTEMPATH\CodeIgniter.php(340): CodeIgniter\CodeIgniter->handleRequest(null, Object(Config\Cache), false)
 7 FCPATH\index.php(67): CodeIgniter\CodeIgniter->run()
 8 SYSTEMPATH\Commands\Server\rewrite.php(43): require_once('FCPATH\\index.php')
