ERROR - 2022-10-26 17:38:48 --> mysqli_sql_exception: Column 'created_by' cannot be null in C:\xampp\htdocs\api_koran\system\Database\MySQLi\Connection.php:292
Stack trace:
#0 C:\xampp\htdocs\api_koran\system\Database\MySQLi\Connection.php(292): mysqli->query('INSERT INTO `ko...', 0)
#1 C:\xampp\htdocs\api_koran\system\Database\BaseConnection.php(693): CodeIgniter\Database\MySQLi\Connection->execute('INSERT INTO `ko...')
#2 C:\xampp\htdocs\api_koran\system\Database\BaseConnection.php(620): CodeIgniter\Database\BaseConnection->simpleQuery('INSERT INTO `ko...')
#3 C:\xampp\htdocs\api_koran\system\Database\BaseBuilder.php(1916): CodeIgniter\Database\BaseConnection->query('INSERT INTO `ko...', Array, false)
#4 C:\xampp\htdocs\api_koran\system\Model.php(278): CodeIgniter\Database\BaseBuilder->insert()
#5 C:\xampp\htdocs\api_koran\system\BaseModel.php(738): CodeIgniter\Model->doInsert(Array)
#6 C:\xampp\htdocs\api_koran\system\Model.php(666): CodeIgniter\BaseModel->insert(Array, false)
#7 C:\xampp\htdocs\api_koran\system\BaseModel.php(658): CodeIgniter\Model->insert(Array, false)
#8 C:\xampp\htdocs\api_koran\app\Controllers\Koran.php(57): CodeIgniter\BaseModel->save(Array)
#9 C:\xampp\htdocs\api_koran\system\CodeIgniter.php(898): App\Controllers\Koran->create()
#10 C:\xampp\htdocs\api_koran\system\CodeIgniter.php(457): CodeIgniter\CodeIgniter->runController(Object(App\Controllers\Koran))
#11 C:\xampp\htdocs\api_koran\system\CodeIgniter.php(340): CodeIgniter\CodeIgniter->handleRequest(NULL, Object(Config\Cache), false)
#12 C:\xampp\htdocs\api_koran\public\index.php(67): CodeIgniter\CodeIgniter->run()
#13 C:\xampp\htdocs\api_koran\system\Commands\Server\rewrite.php(43): require_once('C:\\xampp\\htdocs...')
#14 {main}
CRITICAL - 2022-10-26 17:38:48 --> Column 'created_by' cannot be null
in SYSTEMPATH\Database\MySQLi\Connection.php on line 292.
 1 SYSTEMPATH\Database\MySQLi\Connection.php(292): mysqli->query('INSERT INTO `koran` (`koran`, `created_by`, `created_at`, `updated_by`, `updated_at`) VALUES (\'Kandangan info\', NULL, \'2022-10-26 17:38:47\', \'none\', \'0000-00-00 00:00:00\')', 0)
 2 SYSTEMPATH\Database\BaseConnection.php(693): CodeIgniter\Database\MySQLi\Connection->execute('INSERT INTO `koran` (`koran`, `created_by`, `created_at`, `updated_by`, `updated_at`) VALUES (\'Kandangan info\', NULL, \'2022-10-26 17:38:47\', \'none\', \'0000-00-00 00:00:00\')')
 3 SYSTEMPATH\Database\BaseConnection.php(620): CodeIgniter\Database\BaseConnection->simpleQuery('INSERT INTO `koran` (`koran`, `created_by`, `created_at`, `updated_by`, `updated_at`) VALUES (\'Kandangan info\', NULL, \'2022-10-26 17:38:47\', \'none\', \'0000-00-00 00:00:00\')')
 4 SYSTEMPATH\Database\BaseBuilder.php(1916): CodeIgniter\Database\BaseConnection->query('INSERT INTO `koran` (`koran`, `created_by`, `created_at`, `updated_by`, `updated_at`) VALUES (:koran:, :created_by:, :created_at:, :updated_by:, :updated_at:)', [...], false)
 5 SYSTEMPATH\Model.php(278): CodeIgniter\Database\BaseBuilder->insert()
 6 SYSTEMPATH\BaseModel.php(738): CodeIgniter\Model->doInsert([...])
 7 SYSTEMPATH\Model.php(666): CodeIgniter\BaseModel->insert([...], false)
 8 SYSTEMPATH\BaseModel.php(658): CodeIgniter\Model->insert([...], false)
 9 APPPATH\Controllers\Koran.php(57): CodeIgniter\BaseModel->save([...])
10 SYSTEMPATH\CodeIgniter.php(898): App\Controllers\Koran->create()
11 SYSTEMPATH\CodeIgniter.php(457): CodeIgniter\CodeIgniter->runController(Object(App\Controllers\Koran))
12 SYSTEMPATH\CodeIgniter.php(340): CodeIgniter\CodeIgniter->handleRequest(null, Object(Config\Cache), false)
13 FCPATH\index.php(67): CodeIgniter\CodeIgniter->run()
14 SYSTEMPATH\Commands\Server\rewrite.php(43): require_once('FCPATH\\index.php')
ERROR - 2022-10-26 17:52:26 --> mysqli_sql_exception: Unknown column 'created_by' in 'field list' in C:\xampp\htdocs\api_koran\system\Database\MySQLi\Connection.php:292
Stack trace:
#0 C:\xampp\htdocs\api_koran\system\Database\MySQLi\Connection.php(292): mysqli->query('INSERT INTO `se...', 0)
#1 C:\xampp\htdocs\api_koran\system\Database\BaseConnection.php(693): CodeIgniter\Database\MySQLi\Connection->execute('INSERT INTO `se...')
#2 C:\xampp\htdocs\api_koran\system\Database\BaseConnection.php(620): CodeIgniter\Database\BaseConnection->simpleQuery('INSERT INTO `se...')
#3 C:\xampp\htdocs\api_koran\system\Database\BaseBuilder.php(1916): CodeIgniter\Database\BaseConnection->query('INSERT INTO `se...', Array, false)
#4 C:\xampp\htdocs\api_koran\system\Model.php(278): CodeIgniter\Database\BaseBuilder->insert()
#5 C:\xampp\htdocs\api_koran\system\BaseModel.php(738): CodeIgniter\Model->doInsert(Array)
#6 C:\xampp\htdocs\api_koran\system\Model.php(666): CodeIgniter\BaseModel->insert(Array, false)
#7 C:\xampp\htdocs\api_koran\system\BaseModel.php(658): CodeIgniter\Model->insert(Array, false)
#8 C:\xampp\htdocs\api_koran\app\Controllers\Setoran.php(64): CodeIgniter\BaseModel->save(Array)
#9 C:\xampp\htdocs\api_koran\system\CodeIgniter.php(898): App\Controllers\Setoran->create()
#10 C:\xampp\htdocs\api_koran\system\CodeIgniter.php(457): CodeIgniter\CodeIgniter->runController(Object(App\Controllers\Setoran))
#11 C:\xampp\htdocs\api_koran\system\CodeIgniter.php(340): CodeIgniter\CodeIgniter->handleRequest(NULL, Object(Config\Cache), false)
#12 C:\xampp\htdocs\api_koran\public\index.php(67): CodeIgniter\CodeIgniter->run()
#13 C:\xampp\htdocs\api_koran\system\Commands\Server\rewrite.php(43): require_once('C:\\xampp\\htdocs...')
#14 {main}
CRITICAL - 2022-10-26 17:52:26 --> Unknown column 'created_by' in 'field list'
in SYSTEMPATH\Database\MySQLi\Connection.php on line 292.
 1 SYSTEMPATH\Database\MySQLi\Connection.php(292): mysqli->query('INSERT INTO `setoran` (`nama_koran`, `bulan`, `tanggal`, `jumlah`, `created_at`, `created_by`, `updated_at`, `updated_by`) VALUES (\'coba postman\', \'Agustus\', \'2022-08-24 09:56:41\', \'1\', \'2022-10-26 17:52:26\', \'user 2\', \'0000-00-00 00:00:00\', \'none\')', 0)
 2 SYSTEMPATH\Database\BaseConnection.php(693): CodeIgniter\Database\MySQLi\Connection->execute('INSERT INTO `setoran` (`nama_koran`, `bulan`, `tanggal`, `jumlah`, `created_at`, `created_by`, `updated_at`, `updated_by`) VALUES (\'coba postman\', \'Agustus\', \'2022-08-24 09:56:41\', \'1\', \'2022-10-26 17:52:26\', \'user 2\', \'0000-00-00 00:00:00\', \'none\')')
 3 SYSTEMPATH\Database\BaseConnection.php(620): CodeIgniter\Database\BaseConnection->simpleQuery('INSERT INTO `setoran` (`nama_koran`, `bulan`, `tanggal`, `jumlah`, `created_at`, `created_by`, `updated_at`, `updated_by`) VALUES (\'coba postman\', \'Agustus\', \'2022-08-24 09:56:41\', \'1\', \'2022-10-26 17:52:26\', \'user 2\', \'0000-00-00 00:00:00\', \'none\')')
 4 SYSTEMPATH\Database\BaseBuilder.php(1916): CodeIgniter\Database\BaseConnection->query('INSERT INTO `setoran` (`nama_koran`, `bulan`, `tanggal`, `jumlah`, `created_at`, `created_by`, `updated_at`, `updated_by`) VALUES (:nama_koran:, :bulan:, :tanggal:, :jumlah:, :created_at:, :created_by:, :updated_at:, :updated_by:)', [...], false)
 5 SYSTEMPATH\Model.php(278): CodeIgniter\Database\BaseBuilder->insert()
 6 SYSTEMPATH\BaseModel.php(738): CodeIgniter\Model->doInsert([...])
 7 SYSTEMPATH\Model.php(666): CodeIgniter\BaseModel->insert([...], false)
 8 SYSTEMPATH\BaseModel.php(658): CodeIgniter\Model->insert([...], false)
 9 APPPATH\Controllers\Setoran.php(64): CodeIgniter\BaseModel->save([...])
10 SYSTEMPATH\CodeIgniter.php(898): App\Controllers\Setoran->create()
11 SYSTEMPATH\CodeIgniter.php(457): CodeIgniter\CodeIgniter->runController(Object(App\Controllers\Setoran))
12 SYSTEMPATH\CodeIgniter.php(340): CodeIgniter\CodeIgniter->handleRequest(null, Object(Config\Cache), false)
13 FCPATH\index.php(67): CodeIgniter\CodeIgniter->run()
14 SYSTEMPATH\Commands\Server\rewrite.php(43): require_once('FCPATH\\index.php')
CRITICAL - 2022-10-26 17:57:03 --> Undefined index: updated_by
in APPPATH\Controllers\Setoran.php on line 93.
 1 APPPATH\Controllers\Setoran.php(93): CodeIgniter\Debug\Exceptions->errorHandler(8, 'Undefined index: updated_by', 'APPPATH\\Controllers\\Setoran.php', 93, [...])
 2 SYSTEMPATH\CodeIgniter.php(898): App\Controllers\Setoran->update('53')
 3 SYSTEMPATH\CodeIgniter.php(457): CodeIgniter\CodeIgniter->runController(Object(App\Controllers\Setoran))
 4 SYSTEMPATH\CodeIgniter.php(340): CodeIgniter\CodeIgniter->handleRequest(null, Object(Config\Cache), false)
 5 FCPATH\index.php(67): CodeIgniter\CodeIgniter->run()
 6 SYSTEMPATH\Commands\Server\rewrite.php(43): require_once('FCPATH\\index.php')
