CRITICAL - 2022-10-27 21:01:14 --> Trying to get property 'errno' of non-object
in SYSTEMPATH\Database\MySQLi\Connection.php on line 555.
 1 SYSTEMPATH\Database\MySQLi\Connection.php(555): CodeIgniter\Debug\Exceptions->errorHandler(8, 'Trying to get property \'errno\' of non-object', 'SYSTEMPATH\\Database\\MySQLi\\Connection.php', 555, [])
 2 SYSTEMPATH\Model.php(452): CodeIgniter\Database\MySQLi\Connection->error()
 3 SYSTEMPATH\BaseModel.php(1059): CodeIgniter\Model->doErrors()
 4 APPPATH\Controllers\UserWeb.php(68): CodeIgniter\BaseModel->errors()
 5 SYSTEMPATH\CodeIgniter.php(898): App\Controllers\UserWeb->create()
 6 SYSTEMPATH\CodeIgniter.php(457): CodeIgniter\CodeIgniter->runController(Object(App\Controllers\UserWeb))
 7 SYSTEMPATH\CodeIgniter.php(340): CodeIgniter\CodeIgniter->handleRequest(null, Object(Config\Cache), false)
 8 FCPATH\index.php(67): CodeIgniter\CodeIgniter->run()
 9 SYSTEMPATH\Commands\Server\rewrite.php(43): require_once('FCPATH\\index.php')
CRITICAL - 2022-10-27 21:01:59 --> Trying to get property 'errno' of non-object
in SYSTEMPATH\Database\MySQLi\Connection.php on line 555.
 1 SYSTEMPATH\Database\MySQLi\Connection.php(555): CodeIgniter\Debug\Exceptions->errorHandler(8, 'Trying to get property \'errno\' of non-object', 'SYSTEMPATH\\Database\\MySQLi\\Connection.php', 555, [])
 2 SYSTEMPATH\Model.php(452): CodeIgniter\Database\MySQLi\Connection->error()
 3 SYSTEMPATH\BaseModel.php(1059): CodeIgniter\Model->doErrors()
 4 APPPATH\Controllers\UserWeb.php(68): CodeIgniter\BaseModel->errors()
 5 SYSTEMPATH\CodeIgniter.php(898): App\Controllers\UserWeb->create()
 6 SYSTEMPATH\CodeIgniter.php(457): CodeIgniter\CodeIgniter->runController(Object(App\Controllers\UserWeb))
 7 SYSTEMPATH\CodeIgniter.php(340): CodeIgniter\CodeIgniter->handleRequest(null, Object(Config\Cache), false)
 8 FCPATH\index.php(67): CodeIgniter\CodeIgniter->run()
 9 SYSTEMPATH\Commands\Server\rewrite.php(43): require_once('FCPATH\\index.php')
CRITICAL - 2022-10-27 21:04:10 --> Trying to get property 'errno' of non-object
in SYSTEMPATH\Database\MySQLi\Connection.php on line 555.
 1 SYSTEMPATH\Database\MySQLi\Connection.php(555): CodeIgniter\Debug\Exceptions->errorHandler(8, 'Trying to get property \'errno\' of non-object', 'SYSTEMPATH\\Database\\MySQLi\\Connection.php', 555, [])
 2 SYSTEMPATH\Model.php(452): CodeIgniter\Database\MySQLi\Connection->error()
 3 SYSTEMPATH\BaseModel.php(1059): CodeIgniter\Model->doErrors()
 4 APPPATH\Controllers\UserWeb.php(68): CodeIgniter\BaseModel->errors()
 5 SYSTEMPATH\CodeIgniter.php(898): App\Controllers\UserWeb->create()
 6 SYSTEMPATH\CodeIgniter.php(457): CodeIgniter\CodeIgniter->runController(Object(App\Controllers\UserWeb))
 7 SYSTEMPATH\CodeIgniter.php(340): CodeIgniter\CodeIgniter->handleRequest(null, Object(Config\Cache), false)
 8 FCPATH\index.php(67): CodeIgniter\CodeIgniter->run()
 9 SYSTEMPATH\Commands\Server\rewrite.php(43): require_once('FCPATH\\index.php')
CRITICAL - 2022-10-27 21:07:13 --> Trying to get property 'errno' of non-object
in SYSTEMPATH\Database\MySQLi\Connection.php on line 555.
 1 SYSTEMPATH\Database\MySQLi\Connection.php(555): CodeIgniter\Debug\Exceptions->errorHandler(8, 'Trying to get property \'errno\' of non-object', 'SYSTEMPATH\\Database\\MySQLi\\Connection.php', 555, [])
 2 SYSTEMPATH\Model.php(452): CodeIgniter\Database\MySQLi\Connection->error()
 3 SYSTEMPATH\BaseModel.php(1059): CodeIgniter\Model->doErrors()
 4 APPPATH\Controllers\UserWeb.php(68): CodeIgniter\BaseModel->errors()
 5 SYSTEMPATH\CodeIgniter.php(898): App\Controllers\UserWeb->create()
 6 SYSTEMPATH\CodeIgniter.php(457): CodeIgniter\CodeIgniter->runController(Object(App\Controllers\UserWeb))
 7 SYSTEMPATH\CodeIgniter.php(340): CodeIgniter\CodeIgniter->handleRequest(null, Object(Config\Cache), false)
 8 FCPATH\index.php(67): CodeIgniter\CodeIgniter->run()
 9 SYSTEMPATH\Commands\Server\rewrite.php(43): require_once('FCPATH\\index.php')
CRITICAL - 2022-10-27 08:43:14 --> Call to undefined method App\Models\ModelUser::hitung
in SYSTEMPATH\Model.php on line 773.
 1 APPPATH\Controllers\Dashboard.php(21): CodeIgniter\Model->__call('hitung', [])
 2 SYSTEMPATH\CodeIgniter.php(898): App\Controllers\Dashboard->index()
 3 SYSTEMPATH\CodeIgniter.php(457): CodeIgniter\CodeIgniter->runController(Object(App\Controllers\Dashboard))
 4 SYSTEMPATH\CodeIgniter.php(340): CodeIgniter\CodeIgniter->handleRequest(null, Object(Config\Cache), false)
 5 FCPATH\index.php(67): CodeIgniter\CodeIgniter->run()
 6 SYSTEMPATH\Commands\Server\rewrite.php(43): require_once('FCPATH\\index.php')
CRITICAL - 2022-10-27 08:44:05 --> Undefined variable: user
in APPPATH\Views\dashboard_view.php on line 53.
 1 APPPATH\Views\dashboard_view.php(53): CodeIgniter\Debug\Exceptions->errorHandler(8, 'Undefined variable: user', 'APPPATH\\Views\\dashboard_view.php', 53, [...])
 2 SYSTEMPATH\View\View.php(213): include('APPPATH\\Views\\dashboard_view.php')
 3 SYSTEMPATH\View\View.php(216): CodeIgniter\View\View->CodeIgniter\View\{closure}()
 4 SYSTEMPATH\Common.php(1137): CodeIgniter\View\View->render('dashboard_view', [], true)
 5 APPPATH\Controllers\Dashboard.php(27): view('dashboard_view', [...])
 6 SYSTEMPATH\CodeIgniter.php(898): App\Controllers\Dashboard->index()
 7 SYSTEMPATH\CodeIgniter.php(457): CodeIgniter\CodeIgniter->runController(Object(App\Controllers\Dashboard))
 8 SYSTEMPATH\CodeIgniter.php(340): CodeIgniter\CodeIgniter->handleRequest(null, Object(Config\Cache), false)
 9 FCPATH\index.php(67): CodeIgniter\CodeIgniter->run()
10 SYSTEMPATH\Commands\Server\rewrite.php(43): require_once('FCPATH\\index.php')
CRITICAL - 2022-10-27 21:49:30 --> Call to undefined method App\Models\ModelSetoran::getNumRows
in SYSTEMPATH\Model.php on line 773.
 1 APPPATH\Models\ModelSetoran.php(62): CodeIgniter\Model->__call('getNumRows', [])
 2 APPPATH\Controllers\Dashboard.php(23): App\Models\ModelSetoran->hitunghariini()
 3 SYSTEMPATH\CodeIgniter.php(898): App\Controllers\Dashboard->index()
 4 SYSTEMPATH\CodeIgniter.php(457): CodeIgniter\CodeIgniter->runController(Object(App\Controllers\Dashboard))
 5 SYSTEMPATH\CodeIgniter.php(340): CodeIgniter\CodeIgniter->handleRequest(null, Object(Config\Cache), false)
 6 FCPATH\index.php(67): CodeIgniter\CodeIgniter->run()
 7 SYSTEMPATH\Commands\Server\rewrite.php(43): require_once('FCPATH\\index.php')
ERROR - 2022-10-27 08:52:31 --> mysqli_sql_exception: Unknown column 'tanggal' in 'where clause' in C:\xampp\htdocs\api_koran\system\Database\MySQLi\Connection.php:292
Stack trace:
#0 C:\xampp\htdocs\api_koran\system\Database\MySQLi\Connection.php(292): mysqli->query('SELECT *\nFROM `...', 0)
#1 C:\xampp\htdocs\api_koran\system\Database\BaseConnection.php(693): CodeIgniter\Database\MySQLi\Connection->execute('SELECT *\nFROM `...')
#2 C:\xampp\htdocs\api_koran\system\Database\BaseConnection.php(620): CodeIgniter\Database\BaseConnection->simpleQuery('SELECT *\nFROM `...')
#3 C:\xampp\htdocs\api_koran\system\Database\BaseBuilder.php(1585): CodeIgniter\Database\BaseConnection->query('SELECT *\nFROM `...', Array, false)
#4 C:\xampp\htdocs\api_koran\system\Model.php(222): CodeIgniter\Database\BaseBuilder->get()
#5 C:\xampp\htdocs\api_koran\system\BaseModel.php(584): CodeIgniter\Model->doFindAll(0, 0)
#6 C:\xampp\htdocs\api_koran\app\Controllers\Dashboard.php(24): CodeIgniter\BaseModel->findAll()
#7 C:\xampp\htdocs\api_koran\system\CodeIgniter.php(898): App\Controllers\Dashboard->index()
#8 C:\xampp\htdocs\api_koran\system\CodeIgniter.php(457): CodeIgniter\CodeIgniter->runController(Object(App\Controllers\Dashboard))
#9 C:\xampp\htdocs\api_koran\system\CodeIgniter.php(340): CodeIgniter\CodeIgniter->handleRequest(NULL, Object(Config\Cache), false)
#10 C:\xampp\htdocs\api_koran\public\index.php(67): CodeIgniter\CodeIgniter->run()
#11 C:\xampp\htdocs\api_koran\system\Commands\Server\rewrite.php(43): require_once('C:\\xampp\\htdocs...')
#12 {main}
CRITICAL - 2022-10-27 08:52:31 --> Unknown column 'tanggal' in 'where clause'
in SYSTEMPATH\Database\MySQLi\Connection.php on line 292.
 1 SYSTEMPATH\Database\MySQLi\Connection.php(292): mysqli->query('SELECT *
FROM `koran`
WHERE `tanggal` = \'2022-10-27\'', 0)
 2 SYSTEMPATH\Database\BaseConnection.php(693): CodeIgniter\Database\MySQLi\Connection->execute('SELECT *
FROM `koran`
WHERE `tanggal` = \'2022-10-27\'')
 3 SYSTEMPATH\Database\BaseConnection.php(620): CodeIgniter\Database\BaseConnection->simpleQuery('SELECT *
FROM `koran`
WHERE `tanggal` = \'2022-10-27\'')
 4 SYSTEMPATH\Database\BaseBuilder.php(1585): CodeIgniter\Database\BaseConnection->query('SELECT *
FROM `koran`
WHERE `tanggal` = :tanggal:', [...], false)
 5 SYSTEMPATH\Model.php(222): CodeIgniter\Database\BaseBuilder->get()
 6 SYSTEMPATH\BaseModel.php(584): CodeIgniter\Model->doFindAll(0, 0)
 7 APPPATH\Controllers\Dashboard.php(24): CodeIgniter\BaseModel->findAll()
 8 SYSTEMPATH\CodeIgniter.php(898): App\Controllers\Dashboard->index()
 9 SYSTEMPATH\CodeIgniter.php(457): CodeIgniter\CodeIgniter->runController(Object(App\Controllers\Dashboard))
10 SYSTEMPATH\CodeIgniter.php(340): CodeIgniter\CodeIgniter->handleRequest(null, Object(Config\Cache), false)
11 FCPATH\index.php(67): CodeIgniter\CodeIgniter->run()
12 SYSTEMPATH\Commands\Server\rewrite.php(43): require_once('FCPATH\\index.php')
CRITICAL - 2022-10-27 08:54:08 --> Call to undefined method App\Models\ModelKoran::getNumRows
in SYSTEMPATH\Model.php on line 773.
 1 APPPATH\Controllers\Dashboard.php(24): CodeIgniter\Model->__call('getNumRows', [])
 2 SYSTEMPATH\CodeIgniter.php(898): App\Controllers\Dashboard->index()
 3 SYSTEMPATH\CodeIgniter.php(457): CodeIgniter\CodeIgniter->runController(Object(App\Controllers\Dashboard))
 4 SYSTEMPATH\CodeIgniter.php(340): CodeIgniter\CodeIgniter->handleRequest(null, Object(Config\Cache), false)
 5 FCPATH\index.php(67): CodeIgniter\CodeIgniter->run()
 6 SYSTEMPATH\Commands\Server\rewrite.php(43): require_once('FCPATH\\index.php')
CRITICAL - 2022-10-27 08:54:39 --> Call to undefined method App\Models\ModelSetoran::getNumRows
in SYSTEMPATH\Model.php on line 773.
 1 APPPATH\Controllers\Dashboard.php(24): CodeIgniter\Model->__call('getNumRows', [])
 2 SYSTEMPATH\CodeIgniter.php(898): App\Controllers\Dashboard->index()
 3 SYSTEMPATH\CodeIgniter.php(457): CodeIgniter\CodeIgniter->runController(Object(App\Controllers\Dashboard))
 4 SYSTEMPATH\CodeIgniter.php(340): CodeIgniter\CodeIgniter->handleRequest(null, Object(Config\Cache), false)
 5 FCPATH\index.php(67): CodeIgniter\CodeIgniter->run()
 6 SYSTEMPATH\Commands\Server\rewrite.php(43): require_once('FCPATH\\index.php')
CRITICAL - 2022-10-27 08:56:14 --> Call to a member function getNumRows() on array
in APPPATH\Controllers\Dashboard.php on line 25.
 1 SYSTEMPATH\CodeIgniter.php(898): App\Controllers\Dashboard->index()
 2 SYSTEMPATH\CodeIgniter.php(457): CodeIgniter\CodeIgniter->runController(Object(App\Controllers\Dashboard))
 3 SYSTEMPATH\CodeIgniter.php(340): CodeIgniter\CodeIgniter->handleRequest(null, Object(Config\Cache), false)
 4 FCPATH\index.php(67): CodeIgniter\CodeIgniter->run()
 5 SYSTEMPATH\Commands\Server\rewrite.php(43): require_once('FCPATH\\index.php')
CRITICAL - 2022-10-27 09:10:37 --> Call to undefined method App\Models\ModelSetoran::last
in SYSTEMPATH\Model.php on line 773.
 1 APPPATH\Controllers\Dashboard.php(31): CodeIgniter\Model->__call('last', [])
 2 SYSTEMPATH\CodeIgniter.php(898): App\Controllers\Dashboard->index()
 3 SYSTEMPATH\CodeIgniter.php(457): CodeIgniter\CodeIgniter->runController(Object(App\Controllers\Dashboard))
 4 SYSTEMPATH\CodeIgniter.php(340): CodeIgniter\CodeIgniter->handleRequest(null, Object(Config\Cache), false)
 5 FCPATH\index.php(67): CodeIgniter\CodeIgniter->run()
 6 SYSTEMPATH\Commands\Server\rewrite.php(43): require_once('FCPATH\\index.php')
